This is pdfTeX, Version 3.14159265-2.6-1.40.21 (TeX Live 2020/Debian) (preloaded format=pdflatex 2020.11.5)  17 JAN 2021 08:13
entering extended mode
 restricted \write18 enabled.
 file:line:error style messages enabled.
 %&-line parsing enabled.
**/home/sonvan/Work/PhDThesis-rmarkdown/templates/template.tex
(/home/sonvan/Work/PhDThesis-rmarkdown/templates/template.tex
LaTeX2e <2020-02-02> patch level 5
L3 programming layer <2020-07-17>

! LaTeX Error: File `templates/ociamthesis.cls' not found.

Type X to quit or <RETURN> to proceed,
or enter new name. (Default extension: cls)

Enter file name: 
/home/sonvan/Work/PhDThesis-rmarkdown/templates/template.tex:31: Emergency stop.
<read *> 
         
l.31 ^^M
        
*** (cannot \read from terminal in nonstop modes)

 
Here is how much of TeX's memory you used:
 24 strings out of 480906
 721 string characters out of 5910772
 242476 words of memory out of 5000000
 15718 multiletter control sequences out of 15000+600000
 535088 words of font info for 29 fonts, out of 8000000 for 9000
 1141 hyphenation exceptions out of 8191
 20i,0n,25p,191b,10s stack positions out of 5000i,500n,10000p,200000b,80000s
/home/sonvan/Work/PhDThesis-rmarkdown/templates/template.tex:31:  ==> Fatal error occurred, no output PDF file produced!
